<?xml version="1.0" encoding="UTF-8"?>
<!-- Generated by org.testng.reporters.JUnitReportReporter -->
<testsuite hostname="eti" failures="0" tests="1" name="test.FaceBook" time="3.924" errors="0" timestamp="2023-06-05T01:59:29 IST" skipped="0">
  <testcase classname="test.FaceBook" name="test" time="3.924"/>
  <system-out/>
</testsuite> <!-- test.FaceBook -->
