<?xml version="1.0" encoding="UTF-8"?>
<!-- Generated by org.testng.reporters.JUnitReportReporter -->
<testsuite hostname="eti" failures="0" tests="3" name="test.NopCommerceTest" time="3.587" errors="0" timestamp="2023-06-08T18:45:18 IST" skipped="0">
  <testcase classname="test.NopCommerceTest" name="testLogo" time="0.052"/>
  <system-out/>
  <testcase classname="test.NopCommerceTest" name="testLogin" time="2.377"/>
  <system-out/>
  <testcase classname="test.NopCommerceTest" name="testLogout" time="1.158"/>
  <system-out/>
</testsuite> <!-- test.NopCommerceTest -->
